# project  configured on Sun Dec  2 19:39:31 2018 by
# waf 1.7.11 (abi 98, python 2070fc1 on linux2)
# using /home/ksmomof2/.pebble-sdk/SDKs/current/sdk-core/pebble/waf configure
#
----------------------------------------
Setting top to
/home/ksmomof2/pebble-dev/pebble-faces/simplehands
----------------------------------------
Setting out to
/home/ksmomof2/pebble-dev/pebble-faces/simplehands/build
----------------------------------------
Checking for program webpack
/home/ksmomof2/.pebble-sdk/SDKs/current/node_modules/.bin/webpack
find program=['webpack'] paths=['/home/ksmomof2/.pebble-sdk/SDKs/current/node_modules/.bin'] var='WEBPACK' -> '/home/ksmomof2/.pebble-sdk/SDKs/current/node_modules/.bin/webpack'
----------------------------------------
Checking for program node,nodejs
/usr/bin/node
find program=['node', 'nodejs'] paths=['/home/ksmomof2/pebble-dev/pebble-sdk-4.5-linux64/arm-cs-tools/bin', '/home/ksmomof2/pebble-dev/pebble-sdk-4.5-linux64/bin', '/home/ksmomof2/pebble-dev/pebble-sdk-4.5-linux64/bin', '/usr/local/sbin', '/usr/local/bin', '/usr/sbin', '/usr/bin', '/sbin', '/bin', '/usr/games', '/usr/local/games', '/snap/bin'] var='NODE' -> '/usr/bin/node'
----------------------------------------
Found Pebble SDK for emery in:
/home/ksmomof2/.pebble-sdk/SDKs/current/sdk-core/pebble/emery
----------------------------------------
Checking for program gcc,cc
arm-none-eabi-gcc
find program=['gcc', 'cc'] paths='' var='CC' -> 'arm-none-eabi-gcc'
----------------------------------------
Checking for program ar
arm-none-eabi-ar
find program=['ar'] paths='' var='AR' -> 'arm-none-eabi-ar'
----------------------------------------
Found Pebble SDK for diorite in:
/home/ksmomof2/.pebble-sdk/SDKs/current/sdk-core/pebble/diorite
----------------------------------------
Checking for program gcc,cc
arm-none-eabi-gcc
find program=['gcc', 'cc'] paths='' var='CC' -> 'arm-none-eabi-gcc'
----------------------------------------
Checking for program ar
arm-none-eabi-ar
find program=['ar'] paths='' var='AR' -> 'arm-none-eabi-ar'
----------------------------------------
Found Pebble SDK for chalk in:
/home/ksmomof2/.pebble-sdk/SDKs/current/sdk-core/pebble/chalk
----------------------------------------
Checking for program gcc,cc
arm-none-eabi-gcc
find program=['gcc', 'cc'] paths='' var='CC' -> 'arm-none-eabi-gcc'
----------------------------------------
Checking for program ar
arm-none-eabi-ar
find program=['ar'] paths='' var='AR' -> 'arm-none-eabi-ar'
----------------------------------------
Found Pebble SDK for basalt in:
/home/ksmomof2/.pebble-sdk/SDKs/current/sdk-core/pebble/basalt
----------------------------------------
Checking for program gcc,cc
arm-none-eabi-gcc
find program=['gcc', 'cc'] paths='' var='CC' -> 'arm-none-eabi-gcc'
----------------------------------------
Checking for program ar
arm-none-eabi-ar
find program=['ar'] paths='' var='AR' -> 'arm-none-eabi-ar'
